<?xml version="1.0" encoding="utf-8"?><testsuites name="pytest tests"><testsuite name="pytest" errors="7" failures="0" skipped="0" tests="7" time="3.339" timestamp="2025-06-30T21:13:36.277065-04:00" hostname="StudioSurface"><testcase classname="" name="tests.integration.test_brain_emotional_memory" time="0.000"><error message="collection failure">..\..\AppData\Local\Programs\Python\Python39\lib\site-packages\_pytest\python.py:497: in importtestmodule
    mod = import_path(
..\..\AppData\Local\Programs\Python\Python39\lib\site-packages\_pytest\pathlib.py:587: in import_path
    importlib.import_module(module_name)
..\..\AppData\Local\Programs\Python\Python39\lib\importlib\__init__.py:127: in import_module
    return _bootstrap._gcd_import(name[level:], package, level)
&lt;frozen importlib._bootstrap&gt;:1030: in _gcd_import
    ???
&lt;frozen importlib._bootstrap&gt;:1007: in _find_and_load
    ???
&lt;frozen importlib._bootstrap&gt;:986: in _find_and_load_unlocked
    ???
&lt;frozen importlib._bootstrap&gt;:680: in _load_unlocked
    ???
..\..\AppData\Local\Programs\Python\Python39\lib\site-packages\_pytest\assertion\rewrite.py:186: in exec_module
    exec(co, module.__dict__)
tests\integration\test_brain_emotional_memory.py:16: in &lt;module&gt;
    from alejo.brain.alejo_brain import ALEJOBrain
alejo\brain\__init__.py:5: in &lt;module&gt;
    from .alejo_brain import ALEJOBrain
E     File "C:\Users\magic\CascadeProjects\ALEJO\alejo\brain\alejo_brain.py", line 184
E       try:
E       ^
E   SyntaxError: invalid syntax</error></testcase><testcase classname="" name="tests.integration.test_brain_emotional_memory_integration" time="0.000"><error message="collection failure">..\..\AppData\Local\Programs\Python\Python39\lib\site-packages\_pytest\python.py:497: in importtestmodule
    mod = import_path(
..\..\AppData\Local\Programs\Python\Python39\lib\site-packages\_pytest\pathlib.py:587: in import_path
    importlib.import_module(module_name)
..\..\AppData\Local\Programs\Python\Python39\lib\importlib\__init__.py:127: in import_module
    return _bootstrap._gcd_import(name[level:], package, level)
&lt;frozen importlib._bootstrap&gt;:1030: in _gcd_import
    ???
&lt;frozen importlib._bootstrap&gt;:1007: in _find_and_load
    ???
&lt;frozen importlib._bootstrap&gt;:986: in _find_and_load_unlocked
    ???
&lt;frozen importlib._bootstrap&gt;:680: in _load_unlocked
    ???
..\..\AppData\Local\Programs\Python\Python39\lib\site-packages\_pytest\assertion\rewrite.py:186: in exec_module
    exec(co, module.__dict__)
tests\integration\test_brain_emotional_memory_integration.py:19: in &lt;module&gt;
    from alejo.brain.alejo_brain import ALEJOBrain
alejo\brain\__init__.py:5: in &lt;module&gt;
    from .alejo_brain import ALEJOBrain
E     File "C:\Users\magic\CascadeProjects\ALEJO\alejo\brain\alejo_brain.py", line 184
E       try:
E       ^
E   SyntaxError: invalid syntax</error></testcase><testcase classname="" name="tests.integration.test_brain_emotional_processor" time="0.000"><error message="collection failure">..\..\AppData\Local\Programs\Python\Python39\lib\site-packages\_pytest\python.py:497: in importtestmodule
    mod = import_path(
..\..\AppData\Local\Programs\Python\Python39\lib\site-packages\_pytest\pathlib.py:587: in import_path
    importlib.import_module(module_name)
..\..\AppData\Local\Programs\Python\Python39\lib\importlib\__init__.py:127: in import_module
    return _bootstrap._gcd_import(name[level:], package, level)
&lt;frozen importlib._bootstrap&gt;:1030: in _gcd_import
    ???
&lt;frozen importlib._bootstrap&gt;:1007: in _find_and_load
    ???
&lt;frozen importlib._bootstrap&gt;:986: in _find_and_load_unlocked
    ???
&lt;frozen importlib._bootstrap&gt;:680: in _load_unlocked
    ???
..\..\AppData\Local\Programs\Python\Python39\lib\site-packages\_pytest\assertion\rewrite.py:186: in exec_module
    exec(co, module.__dict__)
tests\integration\test_brain_emotional_processor.py:18: in &lt;module&gt;
    from alejo.brain.alejo_brain import ALEJOBrain
alejo\brain\__init__.py:5: in &lt;module&gt;
    from .alejo_brain import ALEJOBrain
E     File "C:\Users\magic\CascadeProjects\ALEJO\alejo\brain\alejo_brain.py", line 184
E       try:
E       ^
E   SyntaxError: invalid syntax</error></testcase><testcase classname="" name="tests.integration.test_brain_ethical_framework" time="0.000"><error message="collection failure">..\..\AppData\Local\Programs\Python\Python39\lib\site-packages\_pytest\python.py:497: in importtestmodule
    mod = import_path(
..\..\AppData\Local\Programs\Python\Python39\lib\site-packages\_pytest\pathlib.py:587: in import_path
    importlib.import_module(module_name)
..\..\AppData\Local\Programs\Python\Python39\lib\importlib\__init__.py:127: in import_module
    return _bootstrap._gcd_import(name[level:], package, level)
&lt;frozen importlib._bootstrap&gt;:1030: in _gcd_import
    ???
&lt;frozen importlib._bootstrap&gt;:1007: in _find_and_load
    ???
&lt;frozen importlib._bootstrap&gt;:986: in _find_and_load_unlocked
    ???
&lt;frozen importlib._bootstrap&gt;:680: in _load_unlocked
    ???
..\..\AppData\Local\Programs\Python\Python39\lib\site-packages\_pytest\assertion\rewrite.py:186: in exec_module
    exec(co, module.__dict__)
tests\integration\test_brain_ethical_framework.py:18: in &lt;module&gt;
    from alejo.brain.alejo_brain import ALEJOBrain
alejo\brain\__init__.py:5: in &lt;module&gt;
    from .alejo_brain import ALEJOBrain
E     File "C:\Users\magic\CascadeProjects\ALEJO\alejo\brain\alejo_brain.py", line 184
E       try:
E       ^
E   SyntaxError: invalid syntax</error></testcase><testcase classname="" name="tests.integration.test_brain_integration" time="0.000"><error message="collection failure">..\..\AppData\Local\Programs\Python\Python39\lib\site-packages\_pytest\python.py:497: in importtestmodule
    mod = import_path(
..\..\AppData\Local\Programs\Python\Python39\lib\site-packages\_pytest\pathlib.py:587: in import_path
    importlib.import_module(module_name)
..\..\AppData\Local\Programs\Python\Python39\lib\importlib\__init__.py:127: in import_module
    return _bootstrap._gcd_import(name[level:], package, level)
&lt;frozen importlib._bootstrap&gt;:1030: in _gcd_import
    ???
&lt;frozen importlib._bootstrap&gt;:1007: in _find_and_load
    ???
&lt;frozen importlib._bootstrap&gt;:986: in _find_and_load_unlocked
    ???
&lt;frozen importlib._bootstrap&gt;:680: in _load_unlocked
    ???
..\..\AppData\Local\Programs\Python\Python39\lib\site-packages\_pytest\assertion\rewrite.py:186: in exec_module
    exec(co, module.__dict__)
tests\integration\test_brain_integration.py:4: in &lt;module&gt;
    from alejo.brain.alejo_brain import ALEJOBrain
alejo\brain\__init__.py:5: in &lt;module&gt;
    from .alejo_brain import ALEJOBrain
E     File "C:\Users\magic\CascadeProjects\ALEJO\alejo\brain\alejo_brain.py", line 184
E       try:
E       ^
E   SyntaxError: invalid syntax</error></testcase><testcase classname="" name="tests.integration.test_brain_multimodal_integration" time="0.000"><error message="collection failure">..\..\AppData\Local\Programs\Python\Python39\lib\site-packages\_pytest\python.py:497: in importtestmodule
    mod = import_path(
..\..\AppData\Local\Programs\Python\Python39\lib\site-packages\_pytest\pathlib.py:587: in import_path
    importlib.import_module(module_name)
..\..\AppData\Local\Programs\Python\Python39\lib\importlib\__init__.py:127: in import_module
    return _bootstrap._gcd_import(name[level:], package, level)
&lt;frozen importlib._bootstrap&gt;:1030: in _gcd_import
    ???
&lt;frozen importlib._bootstrap&gt;:1007: in _find_and_load
    ???
&lt;frozen importlib._bootstrap&gt;:986: in _find_and_load_unlocked
    ???
&lt;frozen importlib._bootstrap&gt;:680: in _load_unlocked
    ???
..\..\AppData\Local\Programs\Python\Python39\lib\site-packages\_pytest\assertion\rewrite.py:186: in exec_module
    exec(co, module.__dict__)
tests\integration\test_brain_multimodal_integration.py:22: in &lt;module&gt;
    from alejo.brain.alejo_brain import ALEJOBrain
alejo\brain\__init__.py:5: in &lt;module&gt;
    from .alejo_brain import ALEJOBrain
E     File "C:\Users\magic\CascadeProjects\ALEJO\alejo\brain\alejo_brain.py", line 184
E       try:
E       ^
E   SyntaxError: invalid syntax</error></testcase><testcase classname="" name="tests.integration.test_proactive_integration" time="0.000"><error message="collection failure">..\..\AppData\Local\Programs\Python\Python39\lib\site-packages\_pytest\python.py:497: in importtestmodule
    mod = import_path(
..\..\AppData\Local\Programs\Python\Python39\lib\site-packages\_pytest\pathlib.py:587: in import_path
    importlib.import_module(module_name)
..\..\AppData\Local\Programs\Python\Python39\lib\importlib\__init__.py:127: in import_module
    return _bootstrap._gcd_import(name[level:], package, level)
&lt;frozen importlib._bootstrap&gt;:1030: in _gcd_import
    ???
&lt;frozen importlib._bootstrap&gt;:1007: in _find_and_load
    ???
&lt;frozen importlib._bootstrap&gt;:986: in _find_and_load_unlocked
    ???
&lt;frozen importlib._bootstrap&gt;:680: in _load_unlocked
    ???
..\..\AppData\Local\Programs\Python\Python39\lib\site-packages\_pytest\assertion\rewrite.py:186: in exec_module
    exec(co, module.__dict__)
tests\integration\test_proactive_integration.py:11: in &lt;module&gt;
    from alejo.brain import ALEJOBrain
alejo\brain\__init__.py:5: in &lt;module&gt;
    from .alejo_brain import ALEJOBrain
E     File "C:\Users\magic\CascadeProjects\ALEJO\alejo\brain\alejo_brain.py", line 184
E       try:
E       ^
E   SyntaxError: invalid syntax</error></testcase></testsuite></testsuites>