<?xml version="1.0" encoding="utf-8"?><testsuites name="pytest tests"><testsuite name="pytest" errors="2" failures="0" skipped="0" tests="2" time="27.610" timestamp="2025-06-30T21:13:06.660953-04:00" hostname="StudioSurface"><testcase classname="" name="tests.unit.interaction.gesture_arpeggiator.test_emotional_integration" time="0.000"><error message="collection failure">tests\unit\interaction\gesture_arpeggiator\test_emotional_integration.py:13: in &lt;module&gt;
    from alejo.emotional_intelligence.processor import EmotionalState
alejo\emotional_intelligence\__init__.py:24: in &lt;module&gt;
    from .ethics import EthicalFramework, EthicalDecision
alejo\emotional_intelligence\ethics.py:44: in &lt;module&gt;
    class EmotionalRisk:
alejo\emotional_intelligence\ethics.py:51: in EmotionalRisk
    def get_recent_decisions(self, limit: int = 10) -&gt; List[EthicalDecision]:
E   NameError: name 'EthicalDecision' is not defined</error></testcase><testcase classname="" name="tests.unit.interaction.test_gesture_websocket" time="0.000"><error message="collection failure">..\..\AppData\Local\Programs\Python\Python39\lib\site-packages\_pytest\python.py:497: in importtestmodule
    mod = import_path(
..\..\AppData\Local\Programs\Python\Python39\lib\site-packages\_pytest\pathlib.py:587: in import_path
    importlib.import_module(module_name)
..\..\AppData\Local\Programs\Python\Python39\lib\importlib\__init__.py:127: in import_module
    return _bootstrap._gcd_import(name[level:], package, level)
&lt;frozen importlib._bootstrap&gt;:1030: in _gcd_import
    ???
&lt;frozen importlib._bootstrap&gt;:1007: in _find_and_load
    ???
&lt;frozen importlib._bootstrap&gt;:986: in _find_and_load_unlocked
    ???
&lt;frozen importlib._bootstrap&gt;:680: in _load_unlocked
    ???
..\..\AppData\Local\Programs\Python\Python39\lib\site-packages\_pytest\assertion\rewrite.py:186: in exec_module
    exec(co, module.__dict__)
tests\unit\interaction\test_gesture_websocket.py:15: in &lt;module&gt;
    from alejo.handlers.gesture_websocket_handler import (
E     File "C:\Users\magic\CascadeProjects\ALEJO\alejo\handlers\gesture_websocket_handler.py", line 153
E       except ImportError:
E       ^
E   SyntaxError: invalid syntax</error></testcase></testsuite></testsuites>